JUnit version 4.12
.2016/07/14 14:52:35
Already deleted.
OSNameFromGenericWindow 7
RetryCount : 1
.suit Name----Deploy
suitExcelPath----D:\selenium_framework\trunk\Selenium_framework\Test Cases\MakeMyTrip\Deploy.xls
no of test cases : 61
TestCase Name----LoginDploy_1
in exception-----------getTestSuitNamejava.io.FileNotFoundException: D:\selenium_framework\trunk\Selenium_framework\Test Cases\MakeMyTrip\Deploy.xls (The system cannot find the file specified)
OSNameFromGenericWindow 7
.Genrating Report...
folderPathD:\selenium_framework\trunk\Selenium_framework/TestCases_Report/14Jul/14Jul 14-52-35/
folder_browser  D:\selenium_framework\trunk\Selenium_framework\TestCases_Report\14Jul\14Jul 14-52-35
E
Time: 1.201
There was 1 failure:
1) getNameOfTxtFileFromReportFolder(com.test.HTMLBatchRunner)
java.lang.ArithmeticException: / by zero
	at com.test.HTMLBatchRunner.summaryReport(HTMLBatchRunner.java:366)
	at com.test.HTMLBatchRunner.getNameOfTxtFileFromReportFolder(HTMLBatchRunner.java:93)
	at sun.reflect.NativeMethodAccessorImpl.invoke0(Native Method)
	at sun.reflect.NativeMethodAccessorImpl.invoke(NativeMethodAccessorImpl.java:57)
	at sun.reflect.DelegatingMethodAccessorImpl.invoke(DelegatingMethodAccessorImpl.java:43)
	at java.lang.reflect.Method.invoke(Method.java:606)
	at org.junit.runners.model.FrameworkMethod$1.runReflectiveCall(FrameworkMethod.java:50)
	at org.junit.internal.runners.model.ReflectiveCallable.run(ReflectiveCallable.java:12)
	at org.junit.runners.model.FrameworkMethod.invokeExplosively(FrameworkMethod.java:47)
	at org.junit.internal.runners.statements.InvokeMethod.evaluate(InvokeMethod.java:17)
	at org.junit.runners.ParentRunner.runLeaf(ParentRunner.java:325)
	at org.junit.runners.BlockJUnit4ClassRunner.runChild(BlockJUnit4ClassRunner.java:78)
	at org.junit.runners.BlockJUnit4ClassRunner.runChild(BlockJUnit4ClassRunner.java:57)
	at org.junit.runners.ParentRunner$3.run(ParentRunner.java:290)
	at org.junit.runners.ParentRunner$1.schedule(ParentRunner.java:71)
	at org.junit.runners.ParentRunner.runChildren(ParentRunner.java:288)
	at org.junit.runners.ParentRunner.access$000(ParentRunner.java:58)
	at org.junit.runners.ParentRunner$2.evaluate(ParentRunner.java:268)
	at org.junit.runners.ParentRunner.run(ParentRunner.java:363)
	at org.junit.runners.Suite.runChild(Suite.java:128)
	at org.junit.runners.Suite.runChild(Suite.java:27)
	at org.junit.runners.ParentRunner$3.run(ParentRunner.java:290)
	at org.junit.runners.ParentRunner$1.schedule(ParentRunner.java:71)
	at org.junit.runners.ParentRunner.runChildren(ParentRunner.java:288)
	at org.junit.runners.ParentRunner.access$000(ParentRunner.java:58)
	at org.junit.runners.ParentRunner$2.evaluate(ParentRunner.java:268)
	at org.junit.runners.ParentRunner.run(ParentRunner.java:363)
	at org.junit.runners.Suite.runChild(Suite.java:128)
	at org.junit.runners.Suite.runChild(Suite.java:27)
	at org.junit.runners.ParentRunner$3.run(ParentRunner.java:290)
	at org.junit.runners.ParentRunner$1.schedule(ParentRunner.java:71)
	at org.junit.runners.ParentRunner.runChildren(ParentRunner.java:288)
	at org.junit.runners.ParentRunner.access$000(ParentRunner.java:58)
	at org.junit.runners.ParentRunner$2.evaluate(ParentRunner.java:268)
	at org.junit.runners.ParentRunner.run(ParentRunner.java:363)
	at org.junit.runner.JUnitCore.run(JUnitCore.java:137)
	at org.junit.runner.JUnitCore.run(JUnitCore.java:115)
	at org.junit.runner.JUnitCore.runMain(JUnitCore.java:77)
	at org.junit.runner.JUnitCore.main(JUnitCore.java:36)
	at com.test.TestMain.main(TestMain.java:10)

FAILURES!!!
Tests run: 3,  Failures: 1

